<?xml version="1.0" encoding="UTF-8"?>
<!-- Generated by org.testng.reporters.JUnitReportReporter -->
<testsuite skipped="0" hostname="MSI" name="edw.edw.login.SelendroidTest" tests="1" failures="0" timestamp="13 Aug 2020 18:50:11 GMT" time="195.117" errors="0">
  <testcase name="loginTest" time="195.117" classname="edw.edw.login.SelendroidTest"/>
</testsuite> <!-- edw.edw.login.SelendroidTest -->
