<?xml version="1.0" encoding="UTF-8"?>
<!-- Generated by org.testng.reporters.JUnitReportReporter -->
<testsuite skipped="0" hostname="MSI" name="edw.edw.login.SelenoidTest" tests="1" failures="0" timestamp="25 Aug 2020 18:33:52 GMT" time="283.311" errors="0">
  <testcase name="loginTest" time="283.311" classname="edw.edw.login.SelenoidTest"/>
</testsuite> <!-- edw.edw.login.SelenoidTest -->
