<?xml version="1.0" encoding="UTF-8"?>
<!-- Generated by org.testng.reporters.JUnitReportReporter -->
<testsuite skipped="0" hostname="MSI" name="edw.edw.login.LoginTest" tests="1" failures="0" timestamp="29 Jul 2020 13:26:04 GMT" time="41.775" errors="0">
  <testcase name="loginTest" time="41.775" classname="edw.edw.login.LoginTest"/>
</testsuite> <!-- edw.edw.login.LoginTest -->
